# JRE version: OpenJDK Runtime Environment AdoptOpenJDK (11.0.10+9) (build 11.0.10+9)
# Java VM: OpenJDK 64-Bit Server VM AdoptOpenJDK (11.0.10+9, mixed mode, tiered, compressed oops, parallel gc, windows-amd64)
Heap:
 PSYoungGen      total 1536K, used 1190K [0x00000000eab00000, 0x00000000eaf00000, 0x0000000100000000)
  eden space 1024K, 68% used [0x00000000eab00000,0x00000000eabb0718,0x00000000eac00000)
  from space 512K, 94% used [0x00000000eae00000,0x00000000eae790e8,0x00000000eae80000)
  to   space 1536K, 0% used [0x00000000eac00000,0x00000000eac00000,0x00000000ead80000)
 ParOldGen       total 190976K, used 190052K [0x00000000c0000000, 0x00000000cba80000, 0x00000000eab00000)
  object space 190976K, 99% used [0x00000000c0000000,0x00000000cb999170,0x00000000cba80000)
 Metaspace       used 86044K, capacity 89559K, committed 90004K, reserved 1130496K
  class space    used 7773K, capacity 9023K, committed 9216K, reserved 1048576K
GC Heap History (20 events):
Event: 2880.537 GC heap before
{Heap before GC invocations=2838 (full 59):
 PSYoungGen      total 1536K, used 1509K [0x00000000eab00000, 0x00000000eb000000, 0x0000000100000000)
  eden space 1024K, 100% used [0x00000000eab00000,0x00000000eac00000,0x00000000eac00000)
  from space 512K, 94% used [0x00000000eaf80000,0x00000000eaff9438,0x00000000eb000000)
  to   space 1536K, 0% used [0x00000000ead00000,0x00000000ead00000,0x00000000eae80000)
 ParOldGen       total 190976K, used 181950K [0x00000000c0000000, 0x00000000cba80000, 0x00000000eab00000)
  object space 190976K, 95% used [0x00000000c0000000,0x00000000cb1af878,0x00000000cba80000)
 Metaspace       used 85987K, capacity 89495K, committed 90004K, reserved 1130496K
  class space    used 7771K, capacity 9023K, committed 9216K, reserved 1048576K
}
Event: 2880.539 GC heap after
{Heap after GC invocations=2838 (full 59):
 PSYoungGen      total 2560K, used 893K [0x00000000eab00000, 0x00000000eb000000, 0x0000000100000000)
  eden space 1024K, 0% used [0x00000000eab00000,0x00000000eab00000,0x00000000eac00000)
  from space 1536K, 58% used [0x00000000ead00000,0x00000000eaddf758,0x00000000eae80000)
  to   space 1024K, 0% used [0x00000000eaf00000,0x00000000eaf00000,0x00000000eb000000)
 ParOldGen       total 190976K, used 182457K [0x00000000c0000000, 0x00000000cba80000, 0x00000000eab00000)
  object space 190976K, 95% used [0x00000000c0000000,0x00000000cb22e410,0x00000000cba80000)
 Metaspace       used 85987K, capacity 89495K, committed 90004K, reserved 1130496K
  class space    used 7771K, capacity 9023K, committed 9216K, reserved 1048576K
}
Event: 2880.557 GC heap before
{Heap before GC invocations=2839 (full 59):
 PSYoungGen      total 2560K, used 1917K [0x00000000eab00000, 0x00000000eb000000, 0x0000000100000000)
  eden space 1024K, 100% used [0x00000000eab00000,0x00000000eac00000,0x00000000eac00000)
  from space 1536K, 58% used [0x00000000ead00000,0x00000000eaddf758,0x00000000eae80000)
  to   space 1024K, 0% used [0x00000000eaf00000,0x00000000eaf00000,0x00000000eb000000)
 ParOldGen       total 190976K, used 182457K [0x00000000c0000000, 0x00000000cba80000, 0x00000000eab00000)
  object space 190976K, 95% used [0x00000000c0000000,0x00000000cb22e410,0x00000000cba80000)
 Metaspace       used 85993K, capacity 89495K, committed 90004K, reserved 1130496K
  class space    used 7771K, capacity 9023K, committed 9216K, reserved 1048576K
}
Event: 2880.560 GC heap after
{Heap after GC invocations=2839 (full 59):
 PSYoungGen      total 2048K, used 966K [0x00000000eab00000, 0x00000000eb000000, 0x0000000100000000)
  eden space 1024K, 0% used [0x00000000eab00000,0x00000000eab00000,0x00000000eac00000)
  from space 1024K, 94% used [0x00000000eaf00000,0x00000000eaff1888,0x00000000eb000000)
  to   space 1024K, 0% used [0x00000000eae00000,0x00000000eae00000,0x00000000eaf00000)
 ParOldGen       total 190976K, used 183335K [0x00000000c0000000, 0x00000000cba80000, 0x00000000eab00000)
  object space 190976K, 95% used [0x00000000c0000000,0x00000000cb309ff0,0x00000000cba80000)
 Metaspace       used 85993K, capacity 89495K, committed 90004K, reserved 1130496K
  class space    used 7771K, capacity 9023K, committed 9216K, reserved 1048576K
}
Event: 2880.575 GC heap before
{Heap before GC invocations=2840 (full 59):
 PSYoungGen      total 2048K, used 1980K [0x00000000eab00000, 0x00000000eb000000, 0x0000000100000000)
  eden space 1024K, 99% used [0x00000000eab00000,0x00000000eabfdb58,0x00000000eac00000)
  from space 1024K, 94% used [0x00000000eaf00000,0x00000000eaff1888,0x00000000eb000000)
  to   space 1024K, 0% used [0x00000000eae00000,0x00000000eae00000,0x00000000eaf00000)
 ParOldGen       total 190976K, used 183335K [0x00000000c0000000, 0x00000000cba80000, 0x00000000eab00000)
  object space 190976K, 95% used [0x00000000c0000000,0x00000000cb309ff0,0x00000000cba80000)
 Metaspace       used 85996K, capacity 89495K, committed 90004K, reserved 1130496K
  class space    used 7771K, capacity 9023K, committed 9216K, reserved 1048576K
}
Event: 2880.577 GC heap after
{Heap after GC invocations=2840 (full 59):
 PSYoungGen      total 2048K, used 627K [0x00000000eab00000, 0x00000000eaf80000, 0x0000000100000000)
  eden space 1024K, 0% used [0x00000000eab00000,0x00000000eab00000,0x00000000eac00000)
  from space 1024K, 61% used [0x00000000eae00000,0x00000000eae9cdb0,0x00000000eaf00000)
  to   space 512K, 0% used [0x00000000eaf00000,0x00000000eaf00000,0x00000000eaf80000)
 ParOldGen       total 190976K, used 184231K [0x00000000c0000000, 0x00000000cba80000, 0x00000000eab00000)
  object space 190976K, 96% used [0x00000000c0000000,0x00000000cb3e9c28,0x00000000cba80000)
 Metaspace       used 85996K, capacity 89495K, committed 90004K, reserved 1130496K
  class space    used 7771K, capacity 9023K, committed 9216K, reserved 1048576K
}
Event: 2880.592 GC heap before
{Heap before GC invocations=2841 (full 59):
 PSYoungGen      total 2048K, used 1634K [0x00000000eab00000, 0x00000000eaf80000, 0x0000000100000000)
  eden space 1024K, 98% used [0x00000000eab00000,0x00000000eabfbcd8,0x00000000eac00000)
  from space 1024K, 61% used [0x00000000eae00000,0x00000000eae9cdb0,0x00000000eaf00000)
  to   space 512K, 0% used [0x00000000eaf00000,0x00000000eaf00000,0x00000000eaf80000)
 ParOldGen       total 190976K, used 184231K [0x00000000c0000000, 0x00000000cba80000, 0x00000000eab00000)
  object space 190976K, 96% used [0x00000000c0000000,0x00000000cb3e9c28,0x00000000cba80000)
 Metaspace       used 85998K, capacity 89495K, committed 90004K, reserved 1130496K
  class space    used 7771K, capacity 9023K, committed 9216K, reserved 1048576K
}
Event: 2880.594 GC heap after
{Heap after GC invocations=2841 (full 59):
 PSYoungGen      total 1536K, used 483K [0x00000000eab00000, 0x00000000eaf80000, 0x0000000100000000)
  eden space 1024K, 0% used [0x00000000eab00000,0x00000000eab00000,0x00000000eac00000)
  from space 512K, 94% used [0x00000000eaf00000,0x00000000eaf78ec0,0x00000000eaf80000)
  to   space 1536K, 0% used [0x00000000eac80000,0x00000000eac80000,0x00000000eae00000)
 ParOldGen       total 190976K, used 184928K [0x00000000c0000000, 0x00000000cba80000, 0x00000000eab00000)
  object space 190976K, 96% used [0x00000000c0000000,0x00000000cb4980d8,0x00000000cba80000)
 Metaspace       used 85998K, capacity 89495K, committed 90004K, reserved 1130496K
  class space    used 7771K, capacity 9023K, committed 9216K, reserved 1048576K
}
Event: 2880.605 GC heap before
{Heap before GC invocations=2842 (full 59):
 PSYoungGen      total 1536K, used 1450K [0x00000000eab00000, 0x00000000eaf80000, 0x0000000100000000)
  eden space 1024K, 94% used [0x00000000eab00000,0x00000000eabf1a08,0x00000000eac00000)
  from space 512K, 94% used [0x00000000eaf00000,0x00000000eaf78ec0,0x00000000eaf80000)
  to   space 1536K, 0% used [0x00000000eac80000,0x00000000eac80000,0x00000000eae00000)
 ParOldGen       total 190976K, used 184928K [0x00000000c0000000, 0x00000000cba80000, 0x00000000eab00000)
  object space 190976K, 96% used [0x00000000c0000000,0x00000000cb4980d8,0x00000000cba80000)
 Metaspace       used 85999K, capacity 89495K, committed 90004K, reserved 1130496K
  class space    used 7771K, capacity 9023K, committed 9216K, reserved 1048576K
}
Event: 2880.607 GC heap after
{Heap after GC invocations=2842 (full 59):
 PSYoungGen      total 2560K, used 830K [0x00000000eab00000, 0x00000000eaf80000, 0x0000000100000000)
  eden space 1024K, 0% used [0x00000000eab00000,0x00000000eab00000,0x00000000eac00000)
  from space 1536K, 54% used [0x00000000eac80000,0x00000000ead4f8b8,0x00000000eae00000)
  to   space 1024K, 0% used [0x00000000eae80000,0x00000000eae80000,0x00000000eaf80000)
 ParOldGen       total 190976K, used 185427K [0x00000000c0000000, 0x00000000cba80000, 0x00000000eab00000)
  object space 190976K, 97% used [0x00000000c0000000,0x00000000cb514fd0,0x00000000cba80000)
 Metaspace       used 85999K, capacity 89495K, committed 90004K, reserved 1130496K
  class space    used 7771K, capacity 9023K, committed 9216K, reserved 1048576K
}
Event: 2880.619 GC heap before
{Heap before GC invocations=2843 (full 59):
 PSYoungGen      total 2560K, used 1820K [0x00000000eab00000, 0x00000000eaf80000, 0x0000000100000000)
  eden space 1024K, 96% used [0x00000000eab00000,0x00000000eabf78e8,0x00000000eac00000)
  from space 1536K, 54% used [0x00000000eac80000,0x00000000ead4f8b8,0x00000000eae00000)
  to   space 1024K, 0% used [0x00000000eae80000,0x00000000eae80000,0x00000000eaf80000)
 ParOldGen       total 190976K, used 185427K [0x00000000c0000000, 0x00000000cba80000, 0x00000000eab00000)
  object space 190976K, 97% used [0x00000000c0000000,0x00000000cb514fd0,0x00000000cba80000)
 Metaspace       used 86007K, capacity 89495K, committed 90004K, reserved 1130496K
  class space    used 7771K, capacity 9023K, committed 9216K, reserved 1048576K
}
Event: 2880.621 GC heap after
{Heap after GC invocations=2843 (full 59):
 PSYoungGen      total 2048K, used 692K [0x00000000eab00000, 0x00000000eaf80000, 0x0000000100000000)
  eden space 1024K, 0% used [0x00000000eab00000,0x00000000eab00000,0x00000000eac00000)
  from space 1024K, 67% used [0x00000000eae80000,0x00000000eaf2d020,0x00000000eaf80000)
  to   space 1024K, 0% used [0x00000000ead80000,0x00000000ead80000,0x00000000eae80000)
 ParOldGen       total 190976K, used 186135K [0x00000000c0000000, 0x00000000cba80000, 0x00000000eab00000)
  object space 190976K, 97% used [0x00000000c0000000,0x00000000cb5c5e00,0x00000000cba80000)
 Metaspace       used 86007K, capacity 89495K, committed 90004K, reserved 1130496K
  class space    used 7771K, capacity 9023K, committed 9216K, reserved 1048576K
}
Event: 2880.638 GC heap before
{Heap before GC invocations=2844 (full 59):
 PSYoungGen      total 2048K, used 1716K [0x00000000eab00000, 0x00000000eaf80000, 0x0000000100000000)
  eden space 1024K, 100% used [0x00000000eab00000,0x00000000eac00000,0x00000000eac00000)
  from space 1024K, 67% used [0x00000000eae80000,0x00000000eaf2d020,0x00000000eaf80000)
  to   space 1024K, 0% used [0x00000000ead80000,0x00000000ead80000,0x00000000eae80000)
 ParOldGen       total 190976K, used 186135K [0x00000000c0000000, 0x00000000cba80000, 0x00000000eab00000)
  object space 190976K, 97% used [0x00000000c0000000,0x00000000cb5c5e00,0x00000000cba80000)
 Metaspace       used 86010K, capacity 89495K, committed 90004K, reserved 1130496K
  class space    used 7771K, capacity 9023K, committed 9216K, reserved 1048576K
}
Event: 2880.640 GC heap after
{Heap after GC invocations=2844 (full 59):
 PSYoungGen      total 2048K, used 863K [0x00000000eab00000, 0x00000000eaf00000, 0x0000000100000000)
  eden space 1024K, 0% used [0x00000000eab00000,0x00000000eab00000,0x00000000eac00000)
  from space 1024K, 84% used [0x00000000ead80000,0x00000000eae57c00,0x00000000eae80000)
  to   space 512K, 0% used [0x00000000eae80000,0x00000000eae80000,0x00000000eaf00000)
 ParOldGen       total 190976K, used 186710K [0x00000000c0000000, 0x00000000cba80000, 0x00000000eab00000)
  object space 190976K, 97% used [0x00000000c0000000,0x00000000cb655b60,0x00000000cba80000)
 Metaspace       used 86010K, capacity 89495K, committed 90004K, reserved 1130496K
  class space    used 7771K, capacity 9023K, committed 9216K, reserved 1048576K
}
Event: 2880.662 GC heap before
{Heap before GC invocations=2845 (full 59):
 PSYoungGen      total 2048K, used 1887K [0x00000000eab00000, 0x00000000eaf00000, 0x0000000100000000)
  eden space 1024K, 100% used [0x00000000eab00000,0x00000000eac00000,0x00000000eac00000)
  from space 1024K, 84% used [0x00000000ead80000,0x00000000eae57c00,0x00000000eae80000)
  to   space 512K, 0% used [0x00000000eae80000,0x00000000eae80000,0x00000000eaf00000)
 ParOldGen       total 190976K, used 186710K [0x00000000c0000000, 0x00000000cba80000, 0x00000000eab00000)
  object space 190976K, 97% used [0x00000000c0000000,0x00000000cb655b60,0x00000000cba80000)
 Metaspace       used 86010K, capacity 89495K, committed 90004K, reserved 1130496K
  class space    used 7771K, capacity 9023K, committed 9216K, reserved 1048576K
}
Event: 2880.664 GC heap after
{Heap after GC invocations=2845 (full 59):
 PSYoungGen      total 1536K, used 464K [0x00000000eab00000, 0x00000000eaf00000, 0x0000000100000000)
  eden space 1024K, 0% used [0x00000000eab00000,0x00000000eab00000,0x00000000eac00000)
  from space 512K, 90% used [0x00000000eae80000,0x00000000eaef4220,0x00000000eaf00000)
  to   space 1024K, 0% used [0x00000000ead00000,0x00000000ead00000,0x00000000eae00000)
 ParOldGen       total 190976K, used 187485K [0x00000000c0000000, 0x00000000cba80000, 0x00000000eab00000)
  object space 190976K, 98% used [0x00000000c0000000,0x00000000cb717760,0x00000000cba80000)
 Metaspace       used 86010K, capacity 89495K, committed 90004K, reserved 1130496K
  class space    used 7771K, capacity 9023K, committed 9216K, reserved 1048576K
}
Event: 2880.678 GC heap before
{Heap before GC invocations=2846 (full 59):
 PSYoungGen      total 1536K, used 1488K [0x00000000eab00000, 0x00000000eaf00000, 0x0000000100000000)
  eden space 1024K, 100% used [0x00000000eab00000,0x00000000eac00000,0x00000000eac00000)
  from space 512K, 90% used [0x00000000eae80000,0x00000000eaef4220,0x00000000eaf00000)
  to   space 1024K, 0% used [0x00000000ead00000,0x00000000ead00000,0x00000000eae00000)
 ParOldGen       total 190976K, used 187485K [0x00000000c0000000, 0x00000000cba80000, 0x00000000eab00000)
  object space 190976K, 98% used [0x00000000c0000000,0x00000000cb717760,0x00000000cba80000)
 Metaspace       used 86012K, capacity 89495K, committed 90004K, reserved 1130496K
  class space    used 7771K, capacity 9023K, committed 9216K, reserved 1048576K
}
Event: 2880.679 GC heap after
{Heap after GC invocations=2846 (full 59):
 PSYoungGen      total 2048K, used 736K [0x00000000eab00000, 0x00000000eaf00000, 0x0000000100000000)
  eden space 1024K, 0% used [0x00000000eab00000,0x00000000eab00000,0x00000000eac00000)
  from space 1024K, 71% used [0x00000000ead00000,0x00000000eadb8300,0x00000000eae00000)
  to   space 1024K, 0% used [0x00000000eae00000,0x00000000eae00000,0x00000000eaf00000)
 ParOldGen       total 190976K, used 187853K [0x00000000c0000000, 0x00000000cba80000, 0x00000000eab00000)
  object space 190976K, 98% used [0x00000000c0000000,0x00000000cb773690,0x00000000cba80000)
 Metaspace       used 86012K, capacity 89495K, committed 90004K, reserved 1130496K
  class space    used 7771K, capacity 9023K, committed 9216K, reserved 1048576K
}
Event: 2880.699 GC heap before
{Heap before GC invocations=2847 (full 59):
 PSYoungGen      total 2048K, used 1760K [0x00000000eab00000, 0x00000000eaf00000, 0x0000000100000000)
  eden space 1024K, 100% used [0x00000000eab00000,0x00000000eac00000,0x00000000eac00000)
  from space 1024K, 71% used [0x00000000ead00000,0x00000000eadb8300,0x00000000eae00000)
  to   space 1024K, 0% used [0x00000000eae00000,0x00000000eae00000,0x00000000eaf00000)
 ParOldGen       total 190976K, used 187853K [0x00000000c0000000, 0x00000000cba80000, 0x00000000eab00000)
  object space 190976K, 98% used [0x00000000c0000000,0x00000000cb773690,0x00000000cba80000)
 Metaspace       used 86026K, capacity 89495K, committed 90004K, reserved 1130496K
  class space    used 7773K, capacity 9023K, committed 9216K, reserved 1048576K
}
Event: 2880.702 GC heap after
{Heap after GC invocations=2847 (full 59):
 PSYoungGen      total 2048K, used 807K [0x00000000eab00000, 0x00000000eaf00000, 0x0000000100000000)
  eden space 1024K, 0% used [0x00000000eab00000,0x00000000eab00000,0x00000000eac00000)
  from space 1024K, 78% used [0x00000000eae00000,0x00000000eaec9c70,0x00000000eaf00000)
  to   space 1024K, 0% used [0x00000000ead00000,0x00000000ead00000,0x00000000eae00000)
 ParOldGen       total 190976K, used 188579K [0x00000000c0000000, 0x00000000cba80000, 0x00000000eab00000)
  object space 190976K, 98% used [0x00000000c0000000,0x00000000cb828e98,0x00000000cba80000)
 Metaspace       used 86026K, capacity 89495K, committed 90004K, reserved 1130496K
  class space    used 7773K, capacity 9023K, committed 9216K, reserved 1048576K
}

