# JRE version: OpenJDK Runtime Environment AdoptOpenJDK (11.0.10+9) (build 11.0.10+9)
# Java VM: OpenJDK 64-Bit Server VM AdoptOpenJDK (11.0.10+9, mixed mode, tiered, compressed oops, parallel gc, windows-amd64)
Heap:
 PSYoungGen      total 23552K, used 23040K [0x00000000eab00000, 0x00000000eca00000, 0x0000000100000000)
  eden space 16384K, 100% used [0x00000000eab00000,0x00000000ebb00000,0x00000000ebb00000)
  from space 7168K, 92% used [0x00000000ebb00000,0x00000000ec180248,0x00000000ec200000)
  to   space 7168K, 99% used [0x00000000ec300000,0x00000000ec9fc650,0x00000000eca00000)
 ParOldGen       total 111616K, used 79979K [0x00000000c0000000, 0x00000000c6d00000, 0x00000000eab00000)
  object space 111616K, 71% used [0x00000000c0000000,0x00000000c4e1cf40,0x00000000c6d00000)
 Metaspace       used 58373K, capacity 61201K, committed 61440K, reserved 1103872K
  class space    used 5714K, capacity 6623K, committed 6656K, reserved 1048576K
GC Heap History (20 events):
Event: 6.272 GC heap before
{Heap before GC invocations=29 (full 4):
 PSYoungGen      total 25088K, used 4360K [0x00000000eab00000, 0x00000000ecc00000, 0x0000000100000000)
  eden space 20480K, 0% used [0x00000000eab00000,0x00000000eab00000,0x00000000ebf00000)
  from space 4608K, 94% used [0x00000000ebf00000,0x00000000ec342380,0x00000000ec380000)
  to   space 6656K, 0% used [0x00000000ec580000,0x00000000ec580000,0x00000000ecc00000)
 ParOldGen       total 68608K, used 59145K [0x00000000c0000000, 0x00000000c4300000, 0x00000000eab00000)
  object space 68608K, 86% used [0x00000000c0000000,0x00000000c39c2650,0x00000000c4300000)
 Metaspace       used 56638K, capacity 59398K, committed 59520K, reserved 1101824K
  class space    used 5605K, capacity 6556K, committed 6656K, reserved 1048576K
}
Event: 6.382 GC heap after
{Heap after GC invocations=29 (full 4):
 PSYoungGen      total 27136K, used 0K [0x00000000eab00000, 0x00000000ecd80000, 0x0000000100000000)
  eden space 20480K, 0% used [0x00000000eab00000,0x00000000eab00000,0x00000000ebf00000)
  from space 6656K, 0% used [0x00000000ec580000,0x00000000ec580000,0x00000000ecc00000)
  to   space 6656K, 0% used [0x00000000ebf00000,0x00000000ebf00000,0x00000000ec580000)
 ParOldGen       total 111616K, used 54860K [0x00000000c0000000, 0x00000000c6d00000, 0x00000000eab00000)
  object space 111616K, 49% used [0x00000000c0000000,0x00000000c3593228,0x00000000c6d00000)
 Metaspace       used 56638K, capacity 59398K, committed 59520K, reserved 1101824K
  class space    used 5605K, capacity 6556K, committed 6656K, reserved 1048576K
}
Event: 6.454 GC heap before
{Heap before GC invocations=30 (full 4):
 PSYoungGen      total 27136K, used 20480K [0x00000000eab00000, 0x00000000ecd80000, 0x0000000100000000)
  eden space 20480K, 100% used [0x00000000eab00000,0x00000000ebf00000,0x00000000ebf00000)
  from space 6656K, 0% used [0x00000000ec580000,0x00000000ec580000,0x00000000ecc00000)
  to   space 6656K, 0% used [0x00000000ebf00000,0x00000000ebf00000,0x00000000ec580000)
 ParOldGen       total 111616K, used 54860K [0x00000000c0000000, 0x00000000c6d00000, 0x00000000eab00000)
  object space 111616K, 49% used [0x00000000c0000000,0x00000000c3593228,0x00000000c6d00000)
 Metaspace       used 56727K, capacity 59526K, committed 59776K, reserved 1101824K
  class space    used 5606K, capacity 6556K, committed 6656K, reserved 1048576K
}
Event: 6.457 GC heap after
{Heap after GC invocations=30 (full 4):
 PSYoungGen      total 24576K, used 3659K [0x00000000eab00000, 0x00000000ec980000, 0x0000000100000000)
  eden space 20480K, 0% used [0x00000000eab00000,0x00000000eab00000,0x00000000ebf00000)
  from space 4096K, 89% used [0x00000000ebf00000,0x00000000ec292c88,0x00000000ec300000)
  to   space 4608K, 0% used [0x00000000ec500000,0x00000000ec500000,0x00000000ec980000)
 ParOldGen       total 111616K, used 54860K [0x00000000c0000000, 0x00000000c6d00000, 0x00000000eab00000)
  object space 111616K, 49% used [0x00000000c0000000,0x00000000c3593228,0x00000000c6d00000)
 Metaspace       used 56727K, capacity 59526K, committed 59776K, reserved 1101824K
  class space    used 5606K, capacity 6556K, committed 6656K, reserved 1048576K
}
Event: 6.520 GC heap before
{Heap before GC invocations=31 (full 4):
 PSYoungGen      total 24576K, used 24139K [0x00000000eab00000, 0x00000000ec980000, 0x0000000100000000)
  eden space 20480K, 100% used [0x00000000eab00000,0x00000000ebf00000,0x00000000ebf00000)
  from space 4096K, 89% used [0x00000000ebf00000,0x00000000ec292c88,0x00000000ec300000)
  to   space 4608K, 0% used [0x00000000ec500000,0x00000000ec500000,0x00000000ec980000)
 ParOldGen       total 111616K, used 54860K [0x00000000c0000000, 0x00000000c6d00000, 0x00000000eab00000)
  object space 111616K, 49% used [0x00000000c0000000,0x00000000c3593228,0x00000000c6d00000)
 Metaspace       used 56826K, capacity 59530K, committed 59776K, reserved 1101824K
  class space    used 5609K, capacity 6557K, committed 6656K, reserved 1048576K
}
Event: 6.526 GC heap after
{Heap after GC invocations=31 (full 4):
 PSYoungGen      total 22528K, used 4593K [0x00000000eab00000, 0x00000000ed180000, 0x0000000100000000)
  eden space 17920K, 0% used [0x00000000eab00000,0x00000000eab00000,0x00000000ebc80000)
  from space 4608K, 99% used [0x00000000ec500000,0x00000000ec97c678,0x00000000ec980000)
  to   space 8704K, 0% used [0x00000000ebc80000,0x00000000ebc80000,0x00000000ec500000)
 ParOldGen       total 111616K, used 58108K [0x00000000c0000000, 0x00000000c6d00000, 0x00000000eab00000)
  object space 111616K, 52% used [0x00000000c0000000,0x00000000c38bf010,0x00000000c6d00000)
 Metaspace       used 56826K, capacity 59530K, committed 59776K, reserved 1101824K
  class space    used 5609K, capacity 6557K, committed 6656K, reserved 1048576K
}
Event: 6.618 GC heap before
{Heap before GC invocations=32 (full 4):
 PSYoungGen      total 22528K, used 22513K [0x00000000eab00000, 0x00000000ed180000, 0x0000000100000000)
  eden space 17920K, 100% used [0x00000000eab00000,0x00000000ebc80000,0x00000000ebc80000)
  from space 4608K, 99% used [0x00000000ec500000,0x00000000ec97c678,0x00000000ec980000)
  to   space 8704K, 0% used [0x00000000ebc80000,0x00000000ebc80000,0x00000000ec500000)
 ParOldGen       total 111616K, used 58108K [0x00000000c0000000, 0x00000000c6d00000, 0x00000000eab00000)
  object space 111616K, 52% used [0x00000000c0000000,0x00000000c38bf010,0x00000000c6d00000)
 Metaspace       used 56883K, capacity 59595K, committed 59776K, reserved 1101824K
  class space    used 5610K, capacity 6557K, committed 6656K, reserved 1048576K
}
Event: 6.621 GC heap after
{Heap after GC invocations=32 (full 4):
 PSYoungGen      total 20480K, used 2449K [0x00000000eab00000, 0x00000000ec680000, 0x0000000100000000)
  eden space 17920K, 0% used [0x00000000eab00000,0x00000000eab00000,0x00000000ebc80000)
  from space 2560K, 95% used [0x00000000ebc80000,0x00000000ebee4568,0x00000000ebf00000)
  to   space 4608K, 0% used [0x00000000ec200000,0x00000000ec200000,0x00000000ec680000)
 ParOldGen       total 111616K, used 62644K [0x00000000c0000000, 0x00000000c6d00000, 0x00000000eab00000)
  object space 111616K, 56% used [0x00000000c0000000,0x00000000c3d2d230,0x00000000c6d00000)
 Metaspace       used 56883K, capacity 59595K, committed 59776K, reserved 1101824K
  class space    used 5610K, capacity 6557K, committed 6656K, reserved 1048576K
}
Event: 6.711 GC heap before
{Heap before GC invocations=33 (full 4):
 PSYoungGen      total 20480K, used 20359K [0x00000000eab00000, 0x00000000ec680000, 0x0000000100000000)
  eden space 17920K, 99% used [0x00000000eab00000,0x00000000ebc7d6b8,0x00000000ebc80000)
  from space 2560K, 95% used [0x00000000ebc80000,0x00000000ebee4568,0x00000000ebf00000)
  to   space 4608K, 0% used [0x00000000ec200000,0x00000000ec200000,0x00000000ec680000)
 ParOldGen       total 111616K, used 62644K [0x00000000c0000000, 0x00000000c6d00000, 0x00000000eab00000)
  object space 111616K, 56% used [0x00000000c0000000,0x00000000c3d2d230,0x00000000c6d00000)
 Metaspace       used 57174K, capacity 59924K, committed 60160K, reserved 1103872K
  class space    used 5621K, capacity 6560K, committed 6656K, reserved 1048576K
}
Event: 6.716 GC heap after
{Heap after GC invocations=33 (full 4):
 PSYoungGen      total 22016K, used 4587K [0x00000000eab00000, 0x00000000ec980000, 0x0000000100000000)
  eden space 17408K, 0% used [0x00000000eab00000,0x00000000eab00000,0x00000000ebc00000)
  from space 4608K, 99% used [0x00000000ec200000,0x00000000ec67afa8,0x00000000ec680000)
  to   space 6144K, 0% used [0x00000000ebc00000,0x00000000ebc00000,0x00000000ec200000)
 ParOldGen       total 111616K, used 63439K [0x00000000c0000000, 0x00000000c6d00000, 0x00000000eab00000)
  object space 111616K, 56% used [0x00000000c0000000,0x00000000c3df3f70,0x00000000c6d00000)
 Metaspace       used 57174K, capacity 59924K, committed 60160K, reserved 1103872K
  class space    used 5621K, capacity 6560K, committed 6656K, reserved 1048576K
}
Event: 6.784 GC heap before
{Heap before GC invocations=34 (full 4):
 PSYoungGen      total 22016K, used 21995K [0x00000000eab00000, 0x00000000ec980000, 0x0000000100000000)
  eden space 17408K, 100% used [0x00000000eab00000,0x00000000ebc00000,0x00000000ebc00000)
  from space 4608K, 99% used [0x00000000ec200000,0x00000000ec67afa8,0x00000000ec680000)
  to   space 6144K, 0% used [0x00000000ebc00000,0x00000000ebc00000,0x00000000ec200000)
 ParOldGen       total 111616K, used 63439K [0x00000000c0000000, 0x00000000c6d00000, 0x00000000eab00000)
  object space 111616K, 56% used [0x00000000c0000000,0x00000000c3df3f70,0x00000000c6d00000)
 Metaspace       used 57271K, capacity 59927K, committed 60160K, reserved 1103872K
  class space    used 5624K, capacity 6561K, committed 6656K, reserved 1048576K
}
Event: 6.790 GC heap after
{Heap after GC invocations=34 (full 4):
 PSYoungGen      total 20992K, used 3328K [0x00000000eab00000, 0x00000000ec500000, 0x0000000100000000)
  eden space 17408K, 0% used [0x00000000eab00000,0x00000000eab00000,0x00000000ebc00000)
  from space 3584K, 92% used [0x00000000ebc00000,0x00000000ebf40010,0x00000000ebf80000)
  to   space 4096K, 0% used [0x00000000ec100000,0x00000000ec100000,0x00000000ec500000)
 ParOldGen       total 111616K, used 67915K [0x00000000c0000000, 0x00000000c6d00000, 0x00000000eab00000)
  object space 111616K, 60% used [0x00000000c0000000,0x00000000c4252f50,0x00000000c6d00000)
 Metaspace       used 57271K, capacity 59927K, committed 60160K, reserved 1103872K
  class space    used 5624K, capacity 6561K, committed 6656K, reserved 1048576K
}
Event: 6.844 GC heap before
{Heap before GC invocations=35 (full 4):
 PSYoungGen      total 20992K, used 20736K [0x00000000eab00000, 0x00000000ec500000, 0x0000000100000000)
  eden space 17408K, 100% used [0x00000000eab00000,0x00000000ebc00000,0x00000000ebc00000)
  from space 3584K, 92% used [0x00000000ebc00000,0x00000000ebf40010,0x00000000ebf80000)
  to   space 4096K, 0% used [0x00000000ec100000,0x00000000ec100000,0x00000000ec500000)
 ParOldGen       total 111616K, used 67915K [0x00000000c0000000, 0x00000000c6d00000, 0x00000000eab00000)
  object space 111616K, 60% used [0x00000000c0000000,0x00000000c4252f50,0x00000000c6d00000)
 Metaspace       used 57443K, capacity 60207K, committed 60416K, reserved 1103872K
  class space    used 5641K, capacity 6569K, committed 6656K, reserved 1048576K
}
Event: 6.850 GC heap after
{Heap after GC invocations=35 (full 4):
 PSYoungGen      total 20480K, used 4064K [0x00000000eab00000, 0x00000000ec980000, 0x0000000100000000)
  eden space 16384K, 0% used [0x00000000eab00000,0x00000000eab00000,0x00000000ebb00000)
  from space 4096K, 99% used [0x00000000ec100000,0x00000000ec4f8030,0x00000000ec500000)
  to   space 6144K, 0% used [0x00000000ebb00000,0x00000000ebb00000,0x00000000ec100000)
 ParOldGen       total 111616K, used 69223K [0x00000000c0000000, 0x00000000c6d00000, 0x00000000eab00000)
  object space 111616K, 62% used [0x00000000c0000000,0x00000000c4399f60,0x00000000c6d00000)
 Metaspace       used 57443K, capacity 60207K, committed 60416K, reserved 1103872K
  class space    used 5641K, capacity 6569K, committed 6656K, reserved 1048576K
}
Event: 6.940 GC heap before
{Heap before GC invocations=36 (full 4):
 PSYoungGen      total 20480K, used 20448K [0x00000000eab00000, 0x00000000ec980000, 0x0000000100000000)
  eden space 16384K, 100% used [0x00000000eab00000,0x00000000ebb00000,0x00000000ebb00000)
  from space 4096K, 99% used [0x00000000ec100000,0x00000000ec4f8030,0x00000000ec500000)
  to   space 6144K, 0% used [0x00000000ebb00000,0x00000000ebb00000,0x00000000ec100000)
 ParOldGen       total 111616K, used 69223K [0x00000000c0000000, 0x00000000c6d00000, 0x00000000eab00000)
  object space 111616K, 62% used [0x00000000c0000000,0x00000000c4399f60,0x00000000c6d00000)
 Metaspace       used 57535K, capacity 60208K, committed 60416K, reserved 1103872K
  class space    used 5641K, capacity 6569K, committed 6656K, reserved 1048576K
}
Event: 6.950 GC heap after
{Heap after GC invocations=36 (full 4):
 PSYoungGen      total 22528K, used 5325K [0x00000000eab00000, 0x00000000ec780000, 0x0000000100000000)
  eden space 16384K, 0% used [0x00000000eab00000,0x00000000eab00000,0x00000000ebb00000)
  from space 6144K, 86% used [0x00000000ebb00000,0x00000000ec033690,0x00000000ec100000)
  to   space 5632K, 0% used [0x00000000ec200000,0x00000000ec200000,0x00000000ec780000)
 ParOldGen       total 111616K, used 73164K [0x00000000c0000000, 0x00000000c6d00000, 0x00000000eab00000)
  object space 111616K, 65% used [0x00000000c0000000,0x00000000c47732e8,0x00000000c6d00000)
 Metaspace       used 57535K, capacity 60208K, committed 60416K, reserved 1103872K
  class space    used 5641K, capacity 6569K, committed 6656K, reserved 1048576K
}
Event: 7.056 GC heap before
{Heap before GC invocations=37 (full 4):
 PSYoungGen      total 22528K, used 21709K [0x00000000eab00000, 0x00000000ec780000, 0x0000000100000000)
  eden space 16384K, 100% used [0x00000000eab00000,0x00000000ebb00000,0x00000000ebb00000)
  from space 6144K, 86% used [0x00000000ebb00000,0x00000000ec033690,0x00000000ec100000)
  to   space 5632K, 0% used [0x00000000ec200000,0x00000000ec200000,0x00000000ec780000)
 ParOldGen       total 111616K, used 73164K [0x00000000c0000000, 0x00000000c6d00000, 0x00000000eab00000)
  object space 111616K, 65% used [0x00000000c0000000,0x00000000c47732e8,0x00000000c6d00000)
 Metaspace       used 57750K, capacity 60432K, committed 60672K, reserved 1103872K
  class space    used 5666K, capacity 6601K, committed 6656K, reserved 1048576K
}
Event: 7.059 GC heap after
{Heap after GC invocations=37 (full 4):
 PSYoungGen      total 22016K, used 5624K [0x00000000eab00000, 0x00000000eca00000, 0x0000000100000000)
  eden space 16384K, 0% used [0x00000000eab00000,0x00000000eab00000,0x00000000ebb00000)
  from space 5632K, 99% used [0x00000000ec200000,0x00000000ec77e130,0x00000000ec780000)
  to   space 7168K, 0% used [0x00000000ebb00000,0x00000000ebb00000,0x00000000ec200000)
 ParOldGen       total 111616K, used 74356K [0x00000000c0000000, 0x00000000c6d00000, 0x00000000eab00000)
  object space 111616K, 66% used [0x00000000c0000000,0x00000000c489d0a0,0x00000000c6d00000)
 Metaspace       used 57750K, capacity 60432K, committed 60672K, reserved 1103872K
  class space    used 5666K, capacity 6601K, committed 6656K, reserved 1048576K
}
Event: 7.180 GC heap before
{Heap before GC invocations=38 (full 4):
 PSYoungGen      total 22016K, used 22008K [0x00000000eab00000, 0x00000000eca00000, 0x0000000100000000)
  eden space 16384K, 99% used [0x00000000eab00000,0x00000000ebafff50,0x00000000ebb00000)
  from space 5632K, 99% used [0x00000000ec200000,0x00000000ec77e130,0x00000000ec780000)
  to   space 7168K, 0% used [0x00000000ebb00000,0x00000000ebb00000,0x00000000ec200000)
 ParOldGen       total 111616K, used 74356K [0x00000000c0000000, 0x00000000c6d00000, 0x00000000eab00000)
  object space 111616K, 66% used [0x00000000c0000000,0x00000000c489d0a0,0x00000000c6d00000)
 Metaspace       used 57951K, capacity 60624K, committed 60928K, reserved 1103872K
  class space    used 5674K, capacity 6601K, committed 6656K, reserved 1048576K
}
Event: 7.187 GC heap after
{Heap after GC invocations=38 (full 4):
 PSYoungGen      total 23552K, used 6656K [0x00000000eab00000, 0x00000000eca00000, 0x0000000100000000)
  eden space 16384K, 0% used [0x00000000eab00000,0x00000000eab00000,0x00000000ebb00000)
  from space 7168K, 92% used [0x00000000ebb00000,0x00000000ec180248,0x00000000ec200000)
  to   space 7168K, 0% used [0x00000000ec300000,0x00000000ec300000,0x00000000eca00000)
 ParOldGen       total 111616K, used 79931K [0x00000000c0000000, 0x00000000c6d00000, 0x00000000eab00000)
  object space 111616K, 71% used [0x00000000c0000000,0x00000000c4e0ef40,0x00000000c6d00000)
 Metaspace       used 57951K, capacity 60624K, committed 60928K, reserved 1103872K
  class space    used 5674K, capacity 6601K, committed 6656K, reserved 1048576K
}

