# JRE version: OpenJDK Runtime Environment AdoptOpenJDK (11.0.10+9) (build 11.0.10+9)
# Java VM: OpenJDK 64-Bit Server VM AdoptOpenJDK (11.0.10+9, mixed mode, tiered, compressed oops, parallel gc, windows-amd64)
Heap:
 PSYoungGen      total 7680K, used 7679K [0x00000000eab00000, 0x00000000eb480000, 0x0000000100000000)
  eden space 6656K, 100% used [0x00000000eab00000,0x00000000eb180000,0x00000000eb180000)
  from space 1024K, 99% used [0x00000000eb380000,0x00000000eb47ff28,0x00000000eb480000)
  to   space 1536K, 99% used [0x00000000eb180000,0x00000000eb2ff3c8,0x00000000eb300000)
 ParOldGen       total 132096K, used 122532K [0x00000000c0000000, 0x00000000c8100000, 0x00000000eab00000)
  object space 132096K, 92% used [0x00000000c0000000,0x00000000c77a9180,0x00000000c8100000)
 Metaspace       used 66945K, capacity 69967K, committed 70144K, reserved 1112064K
  class space    used 6348K, capacity 7408K, committed 7424K, reserved 1048576K
GC Heap History (20 events):
Event: 38.113 GC heap before
{Heap before GC invocations=126 (full 6):
 PSYoungGen      total 4096K, used 3931K [0x00000000eab00000, 0x00000000eb280000, 0x0000000100000000)
  eden space 2048K, 100% used [0x00000000eab00000,0x00000000ead00000,0x00000000ead00000)
  from space 2048K, 91% used [0x00000000eb080000,0x00000000eb256cf8,0x00000000eb280000)
  to   space 2560K, 0% used [0x00000000ead80000,0x00000000ead80000,0x00000000eb000000)
 ParOldGen       total 132096K, used 102402K [0x00000000c0000000, 0x00000000c8100000, 0x00000000eab00000)
  object space 132096K, 77% used [0x00000000c0000000,0x00000000c6400ae8,0x00000000c8100000)
 Metaspace       used 66482K, capacity 69450K, committed 69632K, reserved 1112064K
  class space    used 6308K, capacity 7363K, committed 7424K, reserved 1048576K
}
Event: 38.115 GC heap after
{Heap after GC invocations=126 (full 6):
 PSYoungGen      total 5120K, used 2539K [0x00000000eab00000, 0x00000000eb380000, 0x0000000100000000)
  eden space 2560K, 0% used [0x00000000eab00000,0x00000000eab00000,0x00000000ead80000)
  from space 2560K, 99% used [0x00000000ead80000,0x00000000eaffac00,0x00000000eb000000)
  to   space 3072K, 0% used [0x00000000eb080000,0x00000000eb080000,0x00000000eb380000)
 ParOldGen       total 132096K, used 102545K [0x00000000c0000000, 0x00000000c8100000, 0x00000000eab00000)
  object space 132096K, 77% used [0x00000000c0000000,0x00000000c6424500,0x00000000c8100000)
 Metaspace       used 66482K, capacity 69450K, committed 69632K, reserved 1112064K
  class space    used 6308K, capacity 7363K, committed 7424K, reserved 1048576K
}
Event: 38.149 GC heap before
{Heap before GC invocations=127 (full 6):
 PSYoungGen      total 5120K, used 5099K [0x00000000eab00000, 0x00000000eb380000, 0x0000000100000000)
  eden space 2560K, 100% used [0x00000000eab00000,0x00000000ead80000,0x00000000ead80000)
  from space 2560K, 99% used [0x00000000ead80000,0x00000000eaffac00,0x00000000eb000000)
  to   space 3072K, 0% used [0x00000000eb080000,0x00000000eb080000,0x00000000eb380000)
 ParOldGen       total 132096K, used 102545K [0x00000000c0000000, 0x00000000c8100000, 0x00000000eab00000)
  object space 132096K, 77% used [0x00000000c0000000,0x00000000c6424500,0x00000000c8100000)
 Metaspace       used 66486K, capacity 69450K, committed 69632K, reserved 1112064K
  class space    used 6308K, capacity 7363K, committed 7424K, reserved 1048576K
}
Event: 38.152 GC heap after
{Heap after GC invocations=127 (full 6):
 PSYoungGen      total 5632K, used 2228K [0x00000000eab00000, 0x00000000eb300000, 0x0000000100000000)
  eden space 3072K, 0% used [0x00000000eab00000,0x00000000eab00000,0x00000000eae00000)
  from space 2560K, 87% used [0x00000000eb080000,0x00000000eb2ad018,0x00000000eb300000)
  to   space 2560K, 0% used [0x00000000eae00000,0x00000000eae00000,0x00000000eb080000)
 ParOldGen       total 132096K, used 104343K [0x00000000c0000000, 0x00000000c8100000, 0x00000000eab00000)
  object space 132096K, 78% used [0x00000000c0000000,0x00000000c65e5d50,0x00000000c8100000)
 Metaspace       used 66486K, capacity 69450K, committed 69632K, reserved 1112064K
  class space    used 6308K, capacity 7363K, committed 7424K, reserved 1048576K
}
Event: 38.205 GC heap before
{Heap before GC invocations=128 (full 6):
 PSYoungGen      total 5632K, used 5300K [0x00000000eab00000, 0x00000000eb300000, 0x0000000100000000)
  eden space 3072K, 100% used [0x00000000eab00000,0x00000000eae00000,0x00000000eae00000)
  from space 2560K, 87% used [0x00000000eb080000,0x00000000eb2ad018,0x00000000eb300000)
  to   space 2560K, 0% used [0x00000000eae00000,0x00000000eae00000,0x00000000eb080000)
 ParOldGen       total 132096K, used 104343K [0x00000000c0000000, 0x00000000c8100000, 0x00000000eab00000)
  object space 132096K, 78% used [0x00000000c0000000,0x00000000c65e5d50,0x00000000c8100000)
 Metaspace       used 66549K, capacity 69584K, committed 69888K, reserved 1112064K
  class space    used 6311K, capacity 7365K, committed 7424K, reserved 1048576K
}
Event: 38.207 GC heap after
{Heap after GC invocations=128 (full 6):
 PSYoungGen      total 5632K, used 2541K [0x00000000eab00000, 0x00000000eb580000, 0x0000000100000000)
  eden space 3072K, 0% used [0x00000000eab00000,0x00000000eab00000,0x00000000eae00000)
  from space 2560K, 99% used [0x00000000eae00000,0x00000000eb07b7c8,0x00000000eb080000)
  to   space 3584K, 0% used [0x00000000eb200000,0x00000000eb200000,0x00000000eb580000)
 ParOldGen       total 132096K, used 104766K [0x00000000c0000000, 0x00000000c8100000, 0x00000000eab00000)
  object space 132096K, 79% used [0x00000000c0000000,0x00000000c664f9a8,0x00000000c8100000)
 Metaspace       used 66549K, capacity 69584K, committed 69888K, reserved 1112064K
  class space    used 6311K, capacity 7365K, committed 7424K, reserved 1048576K
}
Event: 38.246 GC heap before
{Heap before GC invocations=129 (full 6):
 PSYoungGen      total 5632K, used 5613K [0x00000000eab00000, 0x00000000eb580000, 0x0000000100000000)
  eden space 3072K, 100% used [0x00000000eab00000,0x00000000eae00000,0x00000000eae00000)
  from space 2560K, 99% used [0x00000000eae00000,0x00000000eb07b7c8,0x00000000eb080000)
  to   space 3584K, 0% used [0x00000000eb200000,0x00000000eb200000,0x00000000eb580000)
 ParOldGen       total 132096K, used 104766K [0x00000000c0000000, 0x00000000c8100000, 0x00000000eab00000)
  object space 132096K, 79% used [0x00000000c0000000,0x00000000c664f9a8,0x00000000c8100000)
 Metaspace       used 66603K, capacity 69589K, committed 69888K, reserved 1112064K
  class space    used 6316K, capacity 7368K, committed 7424K, reserved 1048576K
}
Event: 38.252 GC heap after
{Heap after GC invocations=129 (full 6):
 PSYoungGen      total 6144K, used 2432K [0x00000000eab00000, 0x00000000eb480000, 0x0000000100000000)
  eden space 3584K, 0% used [0x00000000eab00000,0x00000000eab00000,0x00000000eae80000)
  from space 2560K, 95% used [0x00000000eb200000,0x00000000eb460010,0x00000000eb480000)
  to   space 3072K, 0% used [0x00000000eae80000,0x00000000eae80000,0x00000000eb180000)
 ParOldGen       total 132096K, used 106545K [0x00000000c0000000, 0x00000000c8100000, 0x00000000eab00000)
  object space 132096K, 80% used [0x00000000c0000000,0x00000000c680c720,0x00000000c8100000)
 Metaspace       used 66603K, capacity 69589K, committed 69888K, reserved 1112064K
  class space    used 6316K, capacity 7368K, committed 7424K, reserved 1048576K
}
Event: 38.279 GC heap before
{Heap before GC invocations=130 (full 6):
 PSYoungGen      total 6144K, used 6016K [0x00000000eab00000, 0x00000000eb480000, 0x0000000100000000)
  eden space 3584K, 100% used [0x00000000eab00000,0x00000000eae80000,0x00000000eae80000)
  from space 2560K, 95% used [0x00000000eb200000,0x00000000eb460010,0x00000000eb480000)
  to   space 3072K, 0% used [0x00000000eae80000,0x00000000eae80000,0x00000000eb180000)
 ParOldGen       total 132096K, used 106545K [0x00000000c0000000, 0x00000000c8100000, 0x00000000eab00000)
  object space 132096K, 80% used [0x00000000c0000000,0x00000000c680c720,0x00000000c8100000)
 Metaspace       used 66614K, capacity 69590K, committed 69888K, reserved 1112064K
  class space    used 6317K, capacity 7368K, committed 7424K, reserved 1048576K
}
Event: 38.286 GC heap after
{Heap after GC invocations=130 (full 6):
 PSYoungGen      total 6656K, used 3040K [0x00000000eab00000, 0x00000000eb900000, 0x0000000100000000)
  eden space 3584K, 0% used [0x00000000eab00000,0x00000000eab00000,0x00000000eae80000)
  from space 3072K, 98% used [0x00000000eae80000,0x00000000eb178010,0x00000000eb180000)
  to   space 5120K, 0% used [0x00000000eb400000,0x00000000eb400000,0x00000000eb900000)
 ParOldGen       total 132096K, used 108137K [0x00000000c0000000, 0x00000000c8100000, 0x00000000eab00000)
  object space 132096K, 81% used [0x00000000c0000000,0x00000000c699a670,0x00000000c8100000)
 Metaspace       used 66614K, capacity 69590K, committed 69888K, reserved 1112064K
  class space    used 6317K, capacity 7368K, committed 7424K, reserved 1048576K
}
Event: 38.308 GC heap before
{Heap before GC invocations=131 (full 6):
 PSYoungGen      total 6656K, used 6624K [0x00000000eab00000, 0x00000000eb900000, 0x0000000100000000)
  eden space 3584K, 100% used [0x00000000eab00000,0x00000000eae80000,0x00000000eae80000)
  from space 3072K, 98% used [0x00000000eae80000,0x00000000eb178010,0x00000000eb180000)
  to   space 5120K, 0% used [0x00000000eb400000,0x00000000eb400000,0x00000000eb900000)
 ParOldGen       total 132096K, used 108137K [0x00000000c0000000, 0x00000000c8100000, 0x00000000eab00000)
  object space 132096K, 81% used [0x00000000c0000000,0x00000000c699a670,0x00000000c8100000)
 Metaspace       used 66675K, capacity 69654K, committed 69888K, reserved 1112064K
  class space    used 6320K, capacity 7368K, committed 7424K, reserved 1048576K
}
Event: 38.324 GC heap after
{Heap after GC invocations=131 (full 6):
 PSYoungGen      total 9216K, used 3872K [0x00000000eab00000, 0x00000000eb880000, 0x0000000100000000)
  eden space 4608K, 0% used [0x00000000eab00000,0x00000000eab00000,0x00000000eaf80000)
  from space 4608K, 84% used [0x00000000eb400000,0x00000000eb7c8000,0x00000000eb880000)
  to   space 4608K, 0% used [0x00000000eaf80000,0x00000000eaf80000,0x00000000eb400000)
 ParOldGen       total 132096K, used 110532K [0x00000000c0000000, 0x00000000c8100000, 0x00000000eab00000)
  object space 132096K, 83% used [0x00000000c0000000,0x00000000c6bf1358,0x00000000c8100000)
 Metaspace       used 66675K, capacity 69654K, committed 69888K, reserved 1112064K
  class space    used 6320K, capacity 7368K, committed 7424K, reserved 1048576K
}
Event: 38.352 GC heap before
{Heap before GC invocations=132 (full 6):
 PSYoungGen      total 9216K, used 8480K [0x00000000eab00000, 0x00000000eb880000, 0x0000000100000000)
  eden space 4608K, 100% used [0x00000000eab00000,0x00000000eaf80000,0x00000000eaf80000)
  from space 4608K, 84% used [0x00000000eb400000,0x00000000eb7c8000,0x00000000eb880000)
  to   space 4608K, 0% used [0x00000000eaf80000,0x00000000eaf80000,0x00000000eb400000)
 ParOldGen       total 132096K, used 110532K [0x00000000c0000000, 0x00000000c8100000, 0x00000000eab00000)
  object space 132096K, 83% used [0x00000000c0000000,0x00000000c6bf1358,0x00000000c8100000)
 Metaspace       used 66700K, capacity 69654K, committed 69888K, reserved 1112064K
  class space    used 6320K, capacity 7368K, committed 7424K, reserved 1048576K
}
Event: 38.367 GC heap after
{Heap after GC invocations=132 (full 6):
 PSYoungGen      total 9216K, used 2592K [0x00000000eab00000, 0x00000000eb780000, 0x0000000100000000)
  eden space 4608K, 0% used [0x00000000eab00000,0x00000000eab00000,0x00000000eaf80000)
  from space 4608K, 56% used [0x00000000eaf80000,0x00000000eb208000,0x00000000eb400000)
  to   space 3584K, 0% used [0x00000000eb400000,0x00000000eb400000,0x00000000eb780000)
 ParOldGen       total 132096K, used 114331K [0x00000000c0000000, 0x00000000c8100000, 0x00000000eab00000)
  object space 132096K, 86% used [0x00000000c0000000,0x00000000c6fa6dc8,0x00000000c8100000)
 Metaspace       used 66700K, capacity 69654K, committed 69888K, reserved 1112064K
  class space    used 6320K, capacity 7368K, committed 7424K, reserved 1048576K
}
Event: 38.392 GC heap before
{Heap before GC invocations=133 (full 6):
 PSYoungGen      total 9216K, used 7200K [0x00000000eab00000, 0x00000000eb780000, 0x0000000100000000)
  eden space 4608K, 100% used [0x00000000eab00000,0x00000000eaf80000,0x00000000eaf80000)
  from space 4608K, 56% used [0x00000000eaf80000,0x00000000eb208000,0x00000000eb400000)
  to   space 3584K, 0% used [0x00000000eb400000,0x00000000eb400000,0x00000000eb780000)
 ParOldGen       total 132096K, used 114331K [0x00000000c0000000, 0x00000000c8100000, 0x00000000eab00000)
  object space 132096K, 86% used [0x00000000c0000000,0x00000000c6fa6dc8,0x00000000c8100000)
 Metaspace       used 66765K, capacity 69759K, committed 69888K, reserved 1112064K
  class space    used 6327K, capacity 7403K, committed 7424K, reserved 1048576K
}
Event: 38.398 GC heap after
{Heap after GC invocations=133 (full 6):
 PSYoungGen      total 6144K, used 479K [0x00000000eab00000, 0x00000000eb480000, 0x0000000100000000)
  eden space 5632K, 0% used [0x00000000eab00000,0x00000000eab00000,0x00000000eb080000)
  from space 512K, 93% used [0x00000000eb400000,0x00000000eb477db8,0x00000000eb480000)
  to   space 1536K, 0% used [0x00000000eb180000,0x00000000eb180000,0x00000000eb300000)
 ParOldGen       total 132096K, used 116555K [0x00000000c0000000, 0x00000000c8100000, 0x00000000eab00000)
  object space 132096K, 88% used [0x00000000c0000000,0x00000000c71d2dc8,0x00000000c8100000)
 Metaspace       used 66765K, capacity 69759K, committed 69888K, reserved 1112064K
  class space    used 6327K, capacity 7403K, committed 7424K, reserved 1048576K
}
Event: 38.421 GC heap before
{Heap before GC invocations=134 (full 6):
 PSYoungGen      total 6144K, used 6111K [0x00000000eab00000, 0x00000000eb480000, 0x0000000100000000)
  eden space 5632K, 100% used [0x00000000eab00000,0x00000000eb080000,0x00000000eb080000)
  from space 512K, 93% used [0x00000000eb400000,0x00000000eb477db8,0x00000000eb480000)
  to   space 1536K, 0% used [0x00000000eb180000,0x00000000eb180000,0x00000000eb300000)
 ParOldGen       total 132096K, used 116555K [0x00000000c0000000, 0x00000000c8100000, 0x00000000eab00000)
  object space 132096K, 88% used [0x00000000c0000000,0x00000000c71d2dc8,0x00000000c8100000)
 Metaspace       used 66827K, capacity 69824K, committed 69888K, reserved 1112064K
  class space    used 6339K, capacity 7403K, committed 7424K, reserved 1048576K
}
Event: 38.423 GC heap after
{Heap after GC invocations=134 (full 6):
 PSYoungGen      total 8192K, used 660K [0x00000000eab00000, 0x00000000eb480000, 0x0000000100000000)
  eden space 6656K, 0% used [0x00000000eab00000,0x00000000eab00000,0x00000000eb180000)
  from space 1536K, 43% used [0x00000000eb180000,0x00000000eb225200,0x00000000eb300000)
  to   space 1024K, 0% used [0x00000000eb380000,0x00000000eb380000,0x00000000eb480000)
 ParOldGen       total 132096K, used 116953K [0x00000000c0000000, 0x00000000c8100000, 0x00000000eab00000)
  object space 132096K, 88% used [0x00000000c0000000,0x00000000c7236498,0x00000000c8100000)
 Metaspace       used 66827K, capacity 69824K, committed 69888K, reserved 1112064K
  class space    used 6339K, capacity 7403K, committed 7424K, reserved 1048576K
}
Event: 38.472 GC heap before
{Heap before GC invocations=135 (full 6):
 PSYoungGen      total 8192K, used 7316K [0x00000000eab00000, 0x00000000eb480000, 0x0000000100000000)
  eden space 6656K, 100% used [0x00000000eab00000,0x00000000eb180000,0x00000000eb180000)
  from space 1536K, 43% used [0x00000000eb180000,0x00000000eb225200,0x00000000eb300000)
  to   space 1024K, 0% used [0x00000000eb380000,0x00000000eb380000,0x00000000eb480000)
 ParOldGen       total 132096K, used 116961K [0x00000000c0000000, 0x00000000c8100000, 0x00000000eab00000)
  object space 132096K, 88% used [0x00000000c0000000,0x00000000c72384a8,0x00000000c8100000)
 Metaspace       used 66869K, capacity 69839K, committed 69888K, reserved 1112064K
  class space    used 6345K, capacity 7408K, committed 7424K, reserved 1048576K
}
Event: 38.476 GC heap after
{Heap after GC invocations=135 (full 6):
 PSYoungGen      total 7680K, used 1023K [0x00000000eab00000, 0x00000000eb480000, 0x0000000100000000)
  eden space 6656K, 0% used [0x00000000eab00000,0x00000000eab00000,0x00000000eb180000)
  from space 1024K, 99% used [0x00000000eb380000,0x00000000eb47ff28,0x00000000eb480000)
  to   space 1536K, 0% used [0x00000000eb180000,0x00000000eb180000,0x00000000eb300000)
 ParOldGen       total 132096K, used 119109K [0x00000000c0000000, 0x00000000c8100000, 0x00000000eab00000)
  object space 132096K, 90% used [0x00000000c0000000,0x00000000c74516c8,0x00000000c8100000)
 Metaspace       used 66869K, capacity 69839K, committed 69888K, reserved 1112064K
  class space    used 6345K, capacity 7408K, committed 7424K, reserved 1048576K
}

